<?xml version="1.0" encoding="UTF-8"?>
<!-- Generated by org.testng.reporters.JUnitXMLReporter -->
<testsuite ignored="2" hostname="TriLaptop" failures="0" tests="1" name="Default test" time="9.728" errors="0" timestamp="08 Apr 2025 08:38:18 GMT">
  <testcase classname="com.in28minutes.webdriver.basics.WebDriverBasicsLocatorsWithNamesTest" name="testGetInfoRemember" time="1.183"/>
  <testcase classname="com.in28minutes.webdriver.basics.WebDriverBasicsLocatorsWithNamesTest" name="testGetInfoName" time="0.0">
    <ignored/>
  </testcase> <!-- testGetInfoName -->
  <testcase classname="com.in28minutes.webdriver.basics.WebDriverBasicsLocatorsWithNamesTest" name="testGetInfoPassword" time="0.0">
    <ignored/>
  </testcase> <!-- testGetInfoPassword -->
</testsuite> <!-- Default test -->
