<?xml version="1.0" encoding="UTF-8"?>
<!-- Generated by org.testng.reporters.JUnitXMLReporter -->
<testsuite ignored="3" hostname="TriLaptop" failures="0" tests="1" name="Default test" time="14.541" errors="0" timestamp="08 Apr 2025 09:41:56 GMT">
  <testcase classname="com.in28minutes.webdriver.basics.WebDriverBasicsLocatorsWithIdTest" name="testGetInfoSubmitButton" time="1.39"/>
  <testcase classname="com.in28minutes.webdriver.basics.WebDriverBasicsLocatorsWithIdTest" name="testGetInfoPassword" time="0.0">
    <ignored/>
  </testcase> <!-- testGetInfoPassword -->
  <testcase classname="com.in28minutes.webdriver.basics.WebDriverBasicsLocatorsWithIdTest" name="testGetInfoName" time="0.0">
    <ignored/>
  </testcase> <!-- testGetInfoName -->
  <testcase classname="com.in28minutes.webdriver.basics.WebDriverBasicsLocatorsWithIdTest" name="testTitle" time="0.0">
    <ignored/>
  </testcase> <!-- testTitle -->
</testsuite> <!-- Default test -->
